<?xml version="1.0" encoding="UTF-8"?>
<!-- Generated by org.testng.reporters.JUnitReportReporter -->
<testsuite skipped="0" hostname="comp3" name="com.example.examProject12.ExamProject12ApplicationTests" tests="1" failures="0" timestamp="14 Jun 2019 17:16:16 GMT" time="0.017" errors="0">
  <testcase name="contextLoads" time="0.017" classname="com.example.examProject12.ExamProject12ApplicationTests"/>
</testsuite> <!-- com.example.examProject12.ExamProject12ApplicationTests -->
